\BOOKMARK [1][-]{section.0.1}{\376\377\000A\000\040\000C\000o\000m\000m\000u\000n\000i\000t\000y\000\040\000E\000f\000f\000o\000r\000t}{}% 1
\BOOKMARK [1][-]{section.0.2}{\376\377\000I\000n\000t\000r\000o\000d\000u\000c\000t\000i\000o\000n}{}% 2
\BOOKMARK [1][-]{section.0.3}{\376\377\000P\000h\000i\000l\000o\000s\000o\000p\000h\000y}{}% 3
\BOOKMARK [2][-]{subsection.0.3.1}{\376\377\000A\000c\000c\000e\000s\000s\000\040\000S\000c\000o\000p\000e}{section.0.3}% 4
\BOOKMARK [2][-]{subsection.0.3.2}{\376\377\000E\000r\000r\000o\000r\000s}{section.0.3}% 5
\BOOKMARK [1][-]{section.0.4}{\376\377\000C\000l\000a\000s\000s\000\040\000H\000i\000e\000r\000a\000r\000c\000h\000y}{}% 6
\BOOKMARK [1][-]{section.0.5}{\376\377\000A\000c\000t\000o\000r\000s}{}% 7
\BOOKMARK [2][-]{subsection.0.5.1}{\376\377\000A\000c\000t\000o\000r\000\040\000B\000e\000n\000e\000f\000i\000t\000s}{section.0.5}% 8
\BOOKMARK [1][-]{section.0.6}{\376\377\000L\000a\000b\000V\000I\000E\000W\000\040\000I\000n\000t\000e\000r\000f\000a\000c\000e\000s}{}% 9
\BOOKMARK [2][-]{subsection.0.6.1}{\376\377\000D\000e\000s\000c\000e\000n\000d\000a\000n\000t\000s\000\040\000M\000u\000s\000t\000\040\000O\000v\000e\000r\000r\000i\000d\000e}{section.0.6}% 10
\BOOKMARK [1][-]{section.0.7}{\376\377\000F\000u\000t\000u\000r\000e\000\040\000S\000c\000o\000p\000e}{}% 11
\BOOKMARK [2][-]{subsection.0.7.1}{\376\377\000P\000u\000b\000-\000S\000u\000b\000\040\000M\000e\000s\000s\000a\000g\000i\000n\000g}{section.0.7}% 12
\BOOKMARK [1][-]{section.0.8}{\376\377\000U\000n\000i\000t\000\040\000T\000e\000s\000t\000i\000n\000g}{}% 13
\BOOKMARK [1][-]{section.0.9}{\376\377\000D\000e\000b\000u\000g\000g\000i\000n\000g}{}% 14
\BOOKMARK [2][-]{subsection.0.9.1}{\376\377\000D\000i\000s\000p\000l\000a\000y\000i\000n\000g\000\040\000M\000e\000t\000h\000o\000d\000\040\000E\000x\000e\000c\000u\000t\000i\000o\000n}{section.0.9}% 15
\BOOKMARK [1][-]{section.0.10}{\376\377\000G\000i\000t}{}% 16
\BOOKMARK [1][-]{section.0.11}{\376\377\000N\000a\000m\000i\000n\000g\000\040\000C\000o\000n\000v\000e\000n\000t\000i\000o\000n\000s}{}% 17
\BOOKMARK [1][-]{section.0.12}{\376\377\000E\000x\000a\000m\000p\000l\000e\000s}{}% 18
\BOOKMARK [2][-]{subsection.0.12.1}{\376\377\000H\000e\000l\000l\000o\000\040\000W\000o\000r\000l\000d}{section.0.12}% 19
\BOOKMARK [2][-]{subsection.0.12.2}{\376\377\000N\000e\000s\000t\000e\000d\000\040\000A\000c\000t\000o\000r\000s}{section.0.12}% 20
\BOOKMARK [2][-]{subsection.0.12.3}{\376\377\000S\000e\000n\000d\000i\000n\000g\000\040\000E\000v\000e\000n\000t\000\040\000M\000e\000s\000s\000a\000g\000e}{section.0.12}% 21
\BOOKMARK [1][-]{section.0.13}{\376\377\000D\000e\000s\000i\000g\000n\000\040\000P\000a\000t\000t\000e\000r\000n\000s}{}% 22
\BOOKMARK [2][-]{subsection.0.13.1}{\376\377\000S\000t\000a\000t\000e\000\040\000P\000a\000t\000t\000e\000r\000n}{section.0.13}% 23
\BOOKMARK [2][-]{subsection.0.13.2}{\376\377\000M\000e\000m\000e\000n\000t\000o\000\040\000P\000a\000t\000t\000e\000r\000n}{section.0.13}% 24
\BOOKMARK [2][-]{subsection.0.13.3}{\376\377\000D\000e\000c\000o\000r\000a\000t\000o\000r\000\040\000P\000a\000t\000t\000e\000r\000n}{section.0.13}% 25
\BOOKMARK [2][-]{subsection.0.13.4}{\376\377\000S\000t\000r\000a\000t\000e\000g\000y\000\040\000P\000a\000t\000t\000e\000r\000n}{section.0.13}% 26
\BOOKMARK [2][-]{subsection.0.13.5}{\376\377\000O\000b\000s\000e\000r\000v\000e\000r\000\040\000P\000a\000t\000t\000e\000r\000n}{section.0.13}% 27
\BOOKMARK [1][-]{section.0.14}{\376\377\000E\000v\000e\000n\000t\000\040\000A\000c\000t\000o\000r\000s}{}% 28
\BOOKMARK [2][-]{subsection.0.14.1}{\376\377\000E\000v\000e\000n\000t\000\040\000A\000c\000t\000o\000r\000\040\000B\000e\000s\000t\000\040\000P\000r\000a\000c\000t\000i\000c\000e\000s}{section.0.14}% 29
\BOOKMARK [2][-]{subsection.0.14.2}{\376\377\000E\000v\000e\000n\000t\000\040\000A\000c\000t\000o\000r\000\040\000B\000e\000n\000e\000f\000i\000t\000s}{section.0.14}% 30
\BOOKMARK [2][-]{subsection.0.14.3}{\376\377\000W\000i\000n\000d\000o\000w\000\040\000a\000n\000d\000\040\000S\000u\000b\000p\000a\000n\000e\000l\000\040\000E\000v\000e\000n\000t\000\040\000A\000c\000t\000o\000r\000s}{section.0.14}% 31
\BOOKMARK [2][-]{subsection.0.14.4}{\376\377\000S\000y\000n\000c\000h\000r\000o\000n\000o\000u\000s\000\040\000E\000v\000e\000n\000t\000\040\000A\000c\000t\000o\000r}{section.0.14}% 32
\BOOKMARK [1][-]{section.0.15}{\376\377\000M\000e\000s\000s\000a\000g\000i\000n\000g}{}% 33
\BOOKMARK [2][-]{subsection.0.15.1}{\376\377\000P\000r\000i\000v\000a\000t\000e\000\040\000M\000e\000s\000s\000a\000g\000e\000s}{section.0.15}% 34
\BOOKMARK [2][-]{subsection.0.15.2}{\376\377\000M\000e\000s\000s\000a\000g\000e\000s\000\040\000U\000p\000\040\000a\000n\000d\000\040\000D\000o\000w\000n\000\040\000t\000h\000e\000\040\000T\000r\000e\000e}{section.0.15}% 35
\BOOKMARK [2][-]{subsection.0.15.3}{\376\377\000M\000e\000s\000s\000a\000g\000e\000s\000\040\000w\000i\000t\000h\000\040\000T\000y\000p\000e\000\040\000D\000e\000f\000i\000n\000i\000t\000i\000o\000n\000s}{section.0.15}% 36
\BOOKMARK [1][-]{section.0.16}{\376\377\000T\000o\000o\000l\000s}{}% 37
\BOOKMARK [2][-]{subsection.0.16.1}{\376\377\000S\000c\000r\000i\000p\000t\000i\000n\000g}{section.0.16}% 38
\BOOKMARK [1][-]{section.0.17}{\376\377\000T\000O\000D\000O}{}% 39
\BOOKMARK [1][-]{section.0.18}{\376\377\000E\000r\000r\000o\000r\000s}{}% 40
\BOOKMARK [1][-]{section.0.19}{\376\377\000E\000x\000a\000m\000p\000l\000e}{}% 41
\BOOKMARK [2][-]{subsection.0.19.1}{\376\377\000D\000e\000v\000\040\000A\000c\000t\000o\000r}{section.0.19}% 42
\BOOKMARK [1][-]{section.0.20}{\376\377\000C\000r\000e\000a\000t\000i\000o\000n}{}% 43
\BOOKMARK [1][-]{section.0.21}{\376\377\000P\000P\000L\000\040\000S\000u\000p\000p\000o\000r\000t}{}% 44
\BOOKMARK [1][-]{section.0.22}{\376\377\000O\000p\000i\000n\000i\000o\000n\000a\000t\000e\000d\000\040\000D\000e\000s\000i\000g\000n\000\040\000C\000h\000o\000i\000c\000e\000s}{}% 45
\BOOKMARK [2][-]{subsection.0.22.1}{\376\377\000C\000o\000l\000o\000r\000\040\000S\000c\000h\000e\000m\000e}{section.0.22}% 46
